Build started 4/28/2017 12:13:29 AM.
     1>Project "c:\Users\anchits\documents\visual studio 2013\Projects\FractionalMath\FractionalMath\FractionalMath.vcxproj" on node 2 (Build target(s)).
     1>ClCompile:
         C:\Program Files (x86)\Microsoft Visual Studio 12.0\VC\bin\CL.exe /c /ZI /nologo /W3 /WX- /Od /Oy- /D WIN32 /D _DEBUG /D _CONSOLE /D _LIB /D _UNICODE /D UNICODE /Gm /EHsc /RTC1 /MDd /GS /fp:precise /Zc:wchar_t /Zc:forScope /Fo"Debug\\" /Fd"Debug\vc120.pdb" /Gd /TP /analyze- /errorReport:prompt Fraction.cpp Main.cpp
         Fraction.cpp
         Generating Code...
         Compiling...
         Main.cpp
     1>c:\users\anchits\documents\visual studio 2013\projects\fractionalmath\fractionalmath\main.cpp(45): error C2440: 'initializing' : cannot convert from 'int' to 'Fraction'
                 No constructor could take the source type, or constructor overload resolution was ambiguous
     1>c:\users\anchits\documents\visual studio 2013\projects\fractionalmath\fractionalmath\main.cpp(46): error C2440: 'initializing' : cannot convert from 'int' to 'Fraction'
                 No constructor could take the source type, or constructor overload resolution was ambiguous
     1>c:\users\anchits\documents\visual studio 2013\projects\fractionalmath\fractionalmath\main.cpp(47): error C2440: 'initializing' : cannot convert from 'int' to 'Fraction'
                 No constructor could take the source type, or constructor overload resolution was ambiguous
     1>c:\users\anchits\documents\visual studio 2013\projects\fractionalmath\fractionalmath\main.cpp(83): error C2440: '<function-style-cast>' : cannot convert from 'int' to 'Fraction'
                 No constructor could take the source type, or constructor overload resolution was ambiguous
         Generating Code...
     1>Done Building Project "c:\Users\anchits\documents\visual studio 2013\Projects\FractionalMath\FractionalMath\FractionalMath.vcxproj" (Build target(s)) -- FAILED.

Build FAILED.

Time Elapsed 00:00:00.73
